      Date & Time,  Trans,  Elap Time,  Data Trans,  Resp Time,  Trans Rate,  Throughput,  Concurrent,    OKAY,   Failed
**** 50 rps ****
2019-11-27 12:57:27,   6326,      16.24,           0,       0.12,      389.53,        0.00,       46.99,    6326,       0
**** 150 rps ****
2019-11-27 12:57:27,    413,       0.85,           0,       0.26,      485.88,        0.00,      126.65,     413,       0
**** 200 rps ****
2019-11-27 12:57:28,      5,       0.16,           0,       0.16,       31.25,        0.00,        4.94,       5,       0
**** 250 rps ****
2019-11-27 12:57:28,      0,       0.15,           0,       -nan,        0.00,        0.00,        0.00,       0,       0
**** 50 rps ****
2019-11-27 12:59:19,  22915,      59.11,           0,       0.13,      387.67,        0.00,       49.18,   22915,       1
**** 150 rps ****
2019-11-27 13:00:19,  43141,      59.99,           0,       0.21,      719.14,        0.00,      149.21,   43141,       0
**** 200 rps ****
2019-11-27 13:01:19,  38669,      59.99,           0,       0.31,      644.59,        0.00,      197.04,   38669,       0
**** 250 rps ****
2019-11-27 13:01:53,  25167,      34.92,           0,       0.34,      720.70,        0.00,      244.69,   25167,       1
**** 50 rps ****
2019-11-27 13:02:16,    927,       2.59,           0,       0.13,      357.92,        0.00,       47.98,     927,       0
**** 150 rps ****
2019-11-27 13:02:16,    300,       0.86,           0,       0.30,      348.84,        0.00,      104.51,     300,       0
**** 200 rps ****
2019-11-27 13:02:17,     11,       0.18,           0,       0.16,       61.11,        0.00,        9.72,      11,       0
**** 250 rps ****
2019-11-27 13:02:17,      0,       0.18,           0,       -nan,        0.00,        0.00,        0.00,       0,       0
**** 1 rps ****
2019-11-27 13:05:39,     10,       1.25,           0,       0.12,        8.00,        0.00,        1.00,      10,       0
**** 1 rps ****
2019-11-27 13:05:44,     10,       1.13,           0,       0.11,        8.85,        0.00,        1.00,      10,       0
**** 1 rps ****
2019-11-27 13:05:51,      1,       0.12,           0,       0.12,        8.33,        0.00,        1.00,       1,       0
**** 1 rps ****
2019-11-27 13:08:05,  10000,     125.84,           0,       0.12,       79.47,        0.00,        9.55,   10000,       0
