      Date & Time,  Trans,  Elap Time,  Data Trans,  Resp Time,  Trans Rate,  Throughput,  Concurrent,    OKAY,   Failed
**** 1 rps ****
2019-11-27 11:03:23,   1518,     179.13,           0,       0.12,        8.47,        0.00,        1.00,    1518,       0
**** 50 rps ****
2019-11-27 11:07:08,   6616,     179.75,           0,       1.32,       36.81,        0.00,       48.68,    6616,       0
**** 100 rps ****
2019-11-27 11:10:37,   6733,     179.81,           0,       2.65,       37.45,        0.00,       99.27,    6733,       0
**** 100 rps ****
2019-11-27 11:15:19,  71866,     179.37,           1,       0.25,      400.66,        0.01,       99.91,   71866,       0
**** 500 rps ****
2019-11-27 11:16:19,    493,       5.44,           0,       1.74,       90.62,        0.00,      157.28,     493,    1192
**** 500 rps ****
2019-11-27 11:16:58,    415,       5.23,           0,       1.30,       79.35,        0.00,      103.53,     415,    1252
**** 200 rps ****
2019-11-27 11:20:09,  71421,     179.40,           1,       0.50,      398.11,        0.01,      199.49,   71421,       1
**** 300 rps ****
2019-11-27 11:21:20,    951,       6.77,           0,       0.84,      140.47,        0.00,      118.00,     951,    1053
**** 250 rps ****
2019-11-27 11:21:48,   4767,      20.49,           0,       0.62,      232.65,        0.00,      145.18,    4767,    1056
**** 250 rps ****
2019-11-27 11:22:21,   7570,      15.11,           0,       0.49,      500.99,        0.00,      245.87,    7570,    1027
**** 100 rps ****
2019-11-27 11:31:31,  72350,     179.20,           1,       0.25,      403.74,        0.01,       99.90,   72350,       1
