      Date & Time,  Trans,  Elap Time,  Data Trans,  Resp Time,  Trans Rate,  Throughput,  Concurrent,    OKAY,   Failed
**** 100 rps ****
2019-11-27 11:35:28,    428,       1.20,           1,       0.25,      356.67,        0.83,       90.62,       0,       0
**** 100 rps ****
2019-11-27 11:40:22,  79886,     179.61,           1,       0.22,      444.77,        0.01,       99.41,   79886,       2
**** 250 rps ****
2019-11-27 11:48:03,   6377,      73.65,           0,       0.63,       86.59,        0.00,       54.87,    6377,    1037
**** 250 rps ****
2019-11-27 11:53:44,   3480,       8.63,           0,       0.57,      403.24,        0.00,      231.75,    3480,    1062
**** 250 rps ****
2019-11-27 12:00:55,  15287,      89.51,           0,       0.42,      170.79,        0.00,       71.60,   15287,    1066
**** 250 rps ****
2019-11-27 12:03:48,  15174,      21.62,           0,       0.34,      701.85,        0.00,      237.82,   15174,    1072
**** 250 rps ****
2019-11-27 12:07:04,  14975,      22.79,           0,       0.34,      657.09,        0.00,      224.18,   14975,    1062
**** 250 rps ****
2019-11-27 12:14:52,  30185,     101.93,           0,       0.32,      296.13,        0.00,       95.07,   30185,    1059
**** 250 rps ****
2019-11-27 12:17:40,  15188,      83.85,           0,       0.35,      181.13,        0.00,       63.93,   15188,    1079
**** 250 rps ****
2019-11-27 13:13:53,  44117,      59.27,           0,       0.33,      744.34,        0.00,      248.89,   44117,     704
**** 250 rps ****
2019-11-27 13:31:47,  15157,      22.18,           0,       0.35,      683.36,        0.00,      241.17,   15157,    1071
**** 250 rps ****
2019-11-27 13:32:25,  15177,      23.25,           0,       0.38,      652.77,        0.00,      245.60,   15177,    1058
**** 250 rps ****
2019-11-27 13:33:08,  14873,      23.53,           0,       0.39,      632.09,        0.00,      243.41,   14873,    1070
**** 250 rps ****
2019-11-27 13:34:42,  15197,      21.10,           0,       0.33,      720.24,        0.00,      241.23,   15197,    1074
**** 250 rps ****
2019-11-27 13:37:00,  15358,      80.18,           0,       0.33,      191.54,        0.00,       63.28,   15358,    1044
**** 250 rps ****
2019-11-27 14:13:33,  25261,      21.90,           0,       0.21,     1153.47,        0.00,      242.10,   25261,    1069
**** 250 rps ****
2019-11-27 14:21:00,  25474,     148.65,           0,       0.21,      171.37,        0.00,       36.78,   25474,    1048
**** 250 rps ****
2019-11-27 14:26:02, 150835,     131.28,           3,       0.22,     1148.96,        0.02,      248.04,  150835,    1061
**** 250 rps ****
2019-11-27 14:31:05, 357669,     303.24,           7,       0.21,     1179.49,        0.02,      249.49,  357669,     743
**** 250 rps ****
2019-11-27 16:49:24,  30330,      29.36,           0,       0.24,     1033.04,        0.00,      243.88,   30330,    1059
